<?xml version="1.0" encoding="UTF-8"?>
<robot generator="Robot 7.4.1 (Python 3.14.0 on win32)" generated="2025-12-31T16:13:22.068357" rpa="false" schemaversion="5">
<suite id="s1" name="002" source="D:\ChromeForTesting\Lab4\002.robot">
<kw name="Open Browser To Registration Page" type="SETUP">
<kw name="Open Browser" owner="SeleniumLibrary">
<msg time="2025-12-31T16:13:22.243054" level="INFO">Opening browser 'chrome' to base url 'http://localhost:7272/Lab4/Registration.html'.</msg>
<arg>${URL}</arg>
<arg>${BROWSER}</arg>
<doc>Opens a new browser instance to the optional ``url``.</doc>
<status status="PASS" start="2025-12-31T16:13:22.242719" elapsed="1.165584"/>
</kw>
<kw name="Maximize Browser Window" owner="SeleniumLibrary">
<doc>Maximizes current browser window.</doc>
<status status="PASS" start="2025-12-31T16:13:23.408496" elapsed="0.037046"/>
</kw>
<status status="PASS" start="2025-12-31T16:13:22.242125" elapsed="1.203654"/>
</kw>
<test id="s1-t1" name="Open Workshop Registration Page" line="11">
<kw name="Go To" owner="SeleniumLibrary">
<msg time="2025-12-31T16:13:23.447201" level="INFO">Opening url 'http://localhost:7272/Lab4/Registration.html'</msg>
<arg>${URL}</arg>
<doc>Navigates the current browser window to the provided ``url``.</doc>
<status status="PASS" start="2025-12-31T16:13:23.446911" elapsed="0.020513"/>
</kw>
<kw name="Title Should Be" owner="SeleniumLibrary">
<msg time="2025-12-31T16:13:23.472523" level="INFO">Page title is 'Registration'.</msg>
<arg>Registration</arg>
<doc>Verifies that the current page title equals ``title``.</doc>
<status status="PASS" start="2025-12-31T16:13:23.467717" elapsed="0.004914"/>
</kw>
<kw name="Page Should Contain" owner="SeleniumLibrary">
<msg time="2025-12-31T16:13:23.487027" level="INFO">Current page contains text 'Workshop Registration'.</msg>
<arg>Workshop Registration</arg>
<doc>Verifies that current page contains ``text``.</doc>
<status status="PASS" start="2025-12-31T16:13:23.472937" elapsed="0.014246"/>
</kw>
<kw name="Capture Page Screenshot" owner="SeleniumLibrary">
<msg time="2025-12-31T16:13:23.784300" level="INFO" html="true">&lt;/td&gt;&lt;/tr&gt;&lt;tr&gt;&lt;td colspan="3"&gt;&lt;a href="selenium-screenshot-1.png"&gt;&lt;img src="selenium-screenshot-1.png" width="800px"&gt;&lt;/a&gt;</msg>
<doc>Takes a screenshot of the current page and embeds it into a log file.</doc>
<status status="PASS" start="2025-12-31T16:13:23.487701" elapsed="0.296686"/>
</kw>
<status status="PASS" start="2025-12-31T16:13:23.445930" elapsed="0.340564"/>
</test>
<test id="s1-t2" name="Empty First Name" line="17">
<kw name="Go To" owner="SeleniumLibrary">
<msg time="2025-12-31T16:13:23.789969" level="INFO">Opening url 'http://localhost:7272/Lab4/Registration.html'</msg>
<arg>${URL}</arg>
<doc>Navigates the current browser window to the provided ``url``.</doc>
<status status="PASS" start="2025-12-31T16:13:23.789851" elapsed="0.011198"/>
</kw>
<kw name="Input Text" owner="SeleniumLibrary">
<msg time="2025-12-31T16:13:23.802156" level="INFO">Typing text 'Sodyod' into text field 'id=lastname'.</msg>
<arg>id=lastname</arg>
<arg>Sodyod</arg>
<doc>Types the given ``text`` into the text field identified by ``locator``.</doc>
<status status="PASS" start="2025-12-31T16:13:23.801454" elapsed="0.073902"/>
</kw>
<kw name="Input Text" owner="SeleniumLibrary">
<msg time="2025-12-31T16:13:23.888077" level="INFO">Typing text 'CS KKU' into text field 'id=organization'.</msg>
<arg>id=organization</arg>
<arg>CS KKU</arg>
<doc>Types the given ``text`` into the text field identified by ``locator``.</doc>
<status status="PASS" start="2025-12-31T16:13:23.887846" elapsed="0.070373"/>
</kw>
<kw name="Input Text" owner="SeleniumLibrary">
<msg time="2025-12-31T16:13:23.958682" level="INFO">Typing text 'somyod@kkumail.com' into text field 'id=email'.</msg>
<arg>id=email</arg>
<arg>somyod@kkumail.com</arg>
<doc>Types the given ``text`` into the text field identified by ``locator``.</doc>
<status status="PASS" start="2025-12-31T16:13:23.958488" elapsed="0.063905"/>
</kw>
<kw name="Input Text" owner="SeleniumLibrary">
<msg time="2025-12-31T16:13:24.022808" level="INFO">Typing text '091-001-1234' into text field 'id=phone'.</msg>
<arg>id=phone</arg>
<arg>091-001-1234</arg>
<doc>Types the given ``text`` into the text field identified by ``locator``.</doc>
<status status="PASS" start="2025-12-31T16:13:24.022633" elapsed="0.055543"/>
</kw>
<kw name="Click Button" owner="SeleniumLibrary">
<msg time="2025-12-31T16:13:24.078642" level="INFO">Clicking button 'id=registerButton'.</msg>
<arg>id=registerButton</arg>
<doc>Clicks the button identified by ``locator``.</doc>
<status status="PASS" start="2025-12-31T16:13:24.078455" elapsed="0.070865"/>
</kw>
<kw name="Title Should Be" owner="SeleniumLibrary">
<msg time="2025-12-31T16:13:24.152652" level="INFO">Page title is 'Registration'.</msg>
<arg>Registration</arg>
<doc>Verifies that the current page title equals ``title``.</doc>
<status status="PASS" start="2025-12-31T16:13:24.149612" elapsed="0.003116"/>
</kw>
<kw name="Page Should Contain" owner="SeleniumLibrary">
<msg time="2025-12-31T16:13:24.161394" level="INFO">Current page contains text 'Please enter your first name!!'.</msg>
<arg>Please enter your first name!!</arg>
<doc>Verifies that current page contains ``text``.</doc>
<status status="PASS" start="2025-12-31T16:13:24.152973" elapsed="0.008493"/>
</kw>
<kw name="Capture Page Screenshot" owner="SeleniumLibrary">
<msg time="2025-12-31T16:13:24.400520" level="INFO" html="true">&lt;/td&gt;&lt;/tr&gt;&lt;tr&gt;&lt;td colspan="3"&gt;&lt;a href="selenium-screenshot-2.png"&gt;&lt;img src="selenium-screenshot-2.png" width="800px"&gt;&lt;/a&gt;</msg>
<doc>Takes a screenshot of the current page and embeds it into a log file.</doc>
<status status="PASS" start="2025-12-31T16:13:24.161731" elapsed="0.238866"/>
</kw>
<status status="PASS" start="2025-12-31T16:13:23.789580" elapsed="0.611362"/>
</test>
<test id="s1-t3" name="Open Workshop Registration Page1" line="28">
<kw name="Go To" owner="SeleniumLibrary">
<msg time="2025-12-31T16:13:24.401919" level="INFO">Opening url 'http://localhost:7272/Lab4/Registration.html'</msg>
<arg>${URL}</arg>
<doc>Navigates the current browser window to the provided ``url``.</doc>
<status status="PASS" start="2025-12-31T16:13:24.401804" elapsed="0.010704"/>
</kw>
<kw name="Title Should Be" owner="SeleniumLibrary">
<msg time="2025-12-31T16:13:24.416146" level="INFO">Page title is 'Registration'.</msg>
<arg>Registration</arg>
<doc>Verifies that the current page title equals ``title``.</doc>
<status status="PASS" start="2025-12-31T16:13:24.413344" elapsed="0.002871"/>
</kw>
<kw name="Page Should Contain" owner="SeleniumLibrary">
<msg time="2025-12-31T16:13:24.422619" level="INFO">Current page contains text 'Workshop Registration'.</msg>
<arg>Workshop Registration</arg>
<doc>Verifies that current page contains ``text``.</doc>
<status status="PASS" start="2025-12-31T16:13:24.416589" elapsed="0.006096"/>
</kw>
<kw name="Capture Page Screenshot" owner="SeleniumLibrary">
<msg time="2025-12-31T16:13:24.685292" level="INFO" html="true">&lt;/td&gt;&lt;/tr&gt;&lt;tr&gt;&lt;td colspan="3"&gt;&lt;a href="selenium-screenshot-3.png"&gt;&lt;img src="selenium-screenshot-3.png" width="800px"&gt;&lt;/a&gt;</msg>
<doc>Takes a screenshot of the current page and embeds it into a log file.</doc>
<status status="PASS" start="2025-12-31T16:13:24.422978" elapsed="0.262397"/>
</kw>
<status status="PASS" start="2025-12-31T16:13:24.401520" elapsed="0.285478"/>
</test>
<test id="s1-t4" name="Empty Last Name" line="34">
<kw name="Go To" owner="SeleniumLibrary">
<msg time="2025-12-31T16:13:24.689529" level="INFO">Opening url 'http://localhost:7272/Lab4/Registration.html'</msg>
<arg>${URL}</arg>
<doc>Navigates the current browser window to the provided ``url``.</doc>
<status status="PASS" start="2025-12-31T16:13:24.689371" elapsed="0.009327"/>
</kw>
<kw name="Input Text" owner="SeleniumLibrary">
<msg time="2025-12-31T16:13:24.699166" level="INFO">Typing text 'Somyod' into text field 'id=firstname'.</msg>
<arg>id=firstname</arg>
<arg>Somyod</arg>
<doc>Types the given ``text`` into the text field identified by ``locator``.</doc>
<status status="PASS" start="2025-12-31T16:13:24.698957" elapsed="0.057593"/>
</kw>
<kw name="Input Text" owner="SeleniumLibrary">
<msg time="2025-12-31T16:13:24.757207" level="INFO">Typing text 'CS KKU' into text field 'id=organization'.</msg>
<arg>id=organization</arg>
<arg>CS KKU</arg>
<doc>Types the given ``text`` into the text field identified by ``locator``.</doc>
<status status="PASS" start="2025-12-31T16:13:24.756908" elapsed="0.119344"/>
</kw>
<kw name="Input Text" owner="SeleniumLibrary">
<msg time="2025-12-31T16:13:24.876879" level="INFO">Typing text 'somyod@kkumail.com' into text field 'id=email'.</msg>
<arg>id=email</arg>
<arg>somyod@kkumail.com</arg>
<doc>Types the given ``text`` into the text field identified by ``locator``.</doc>
<status status="PASS" start="2025-12-31T16:13:24.876612" elapsed="0.093432"/>
</kw>
<kw name="Input Text" owner="SeleniumLibrary">
<msg time="2025-12-31T16:13:24.970617" level="INFO">Typing text '091-001-1234' into text field 'id=phone'.</msg>
<arg>id=phone</arg>
<arg>091-001-1234</arg>
<doc>Types the given ``text`` into the text field identified by ``locator``.</doc>
<status status="PASS" start="2025-12-31T16:13:24.970372" elapsed="0.093295"/>
</kw>
<kw name="Click Button" owner="SeleniumLibrary">
<msg time="2025-12-31T16:13:25.064108" level="INFO">Clicking button 'id=registerButton'.</msg>
<arg>id=registerButton</arg>
<doc>Clicks the button identified by ``locator``.</doc>
<status status="PASS" start="2025-12-31T16:13:25.063939" elapsed="0.041661"/>
</kw>
<kw name="Title Should Be" owner="SeleniumLibrary">
<msg time="2025-12-31T16:13:25.108490" level="INFO">Page title is 'Registration'.</msg>
<arg>Registration</arg>
<doc>Verifies that the current page title equals ``title``.</doc>
<status status="PASS" start="2025-12-31T16:13:25.106067" elapsed="0.002482"/>
</kw>
<kw name="Page Should Contain" owner="SeleniumLibrary">
<msg time="2025-12-31T16:13:25.119820" level="INFO">Current page contains text 'Please enter your last name!!'.</msg>
<arg>Please enter your last name!!</arg>
<doc>Verifies that current page contains ``text``.</doc>
<status status="PASS" start="2025-12-31T16:13:25.108734" elapsed="0.011452"/>
</kw>
<kw name="Capture Page Screenshot" owner="SeleniumLibrary">
<msg time="2025-12-31T16:13:25.421502" level="INFO" html="true">&lt;/td&gt;&lt;/tr&gt;&lt;tr&gt;&lt;td colspan="3"&gt;&lt;a href="selenium-screenshot-4.png"&gt;&lt;img src="selenium-screenshot-4.png" width="800px"&gt;&lt;/a&gt;</msg>
<doc>Takes a screenshot of the current page and embeds it into a log file.</doc>
<status status="PASS" start="2025-12-31T16:13:25.120577" elapsed="0.301045"/>
</kw>
<status status="PASS" start="2025-12-31T16:13:24.688999" elapsed="0.736425"/>
</test>
<test id="s1-t5" name="Open Workshop Registration Page2" line="45">
<kw name="Go To" owner="SeleniumLibrary">
<msg time="2025-12-31T16:13:25.426421" level="INFO">Opening url 'http://localhost:7272/Lab4/Registration.html'</msg>
<arg>${URL}</arg>
<doc>Navigates the current browser window to the provided ``url``.</doc>
<status status="PASS" start="2025-12-31T16:13:25.426276" elapsed="0.010772"/>
</kw>
<kw name="Title Should Be" owner="SeleniumLibrary">
<msg time="2025-12-31T16:13:25.440332" level="INFO">Page title is 'Registration'.</msg>
<arg>Registration</arg>
<doc>Verifies that the current page title equals ``title``.</doc>
<status status="PASS" start="2025-12-31T16:13:25.437371" elapsed="0.003050"/>
</kw>
<kw name="Page Should Contain" owner="SeleniumLibrary">
<msg time="2025-12-31T16:13:25.450406" level="INFO">Current page contains text 'Workshop Registration'.</msg>
<arg>Workshop Registration</arg>
<doc>Verifies that current page contains ``text``.</doc>
<status status="PASS" start="2025-12-31T16:13:25.440748" elapsed="0.009758"/>
</kw>
<kw name="Capture Page Screenshot" owner="SeleniumLibrary">
<msg time="2025-12-31T16:13:25.755999" level="INFO" html="true">&lt;/td&gt;&lt;/tr&gt;&lt;tr&gt;&lt;td colspan="3"&gt;&lt;a href="selenium-screenshot-5.png"&gt;&lt;img src="selenium-screenshot-5.png" width="800px"&gt;&lt;/a&gt;</msg>
<doc>Takes a screenshot of the current page and embeds it into a log file.</doc>
<status status="PASS" start="2025-12-31T16:13:25.451164" elapsed="0.304919"/>
</kw>
<status status="PASS" start="2025-12-31T16:13:25.425894" elapsed="0.330765"/>
</test>
<test id="s1-t6" name="Empty First Name and Last Name" line="51">
<kw name="Go To" owner="SeleniumLibrary">
<msg time="2025-12-31T16:13:25.757529" level="INFO">Opening url 'http://localhost:7272/Lab4/Registration.html'</msg>
<arg>${URL}</arg>
<doc>Navigates the current browser window to the provided ``url``.</doc>
<status status="PASS" start="2025-12-31T16:13:25.757420" elapsed="0.008790"/>
</kw>
<kw name="Input Text" owner="SeleniumLibrary">
<msg time="2025-12-31T16:13:25.766693" level="INFO">Typing text 'CS KKU' into text field 'id=organization'.</msg>
<arg>id=organization</arg>
<arg>CS KKU</arg>
<doc>Types the given ``text`` into the text field identified by ``locator``.</doc>
<status status="PASS" start="2025-12-31T16:13:25.766533" elapsed="0.055836"/>
</kw>
<kw name="Input Text" owner="SeleniumLibrary">
<msg time="2025-12-31T16:13:25.826901" level="INFO">Typing text 'somyod@kkumail.com' into text field 'id=email'.</msg>
<arg>id=email</arg>
<arg>somyod@kkumail.com</arg>
<doc>Types the given ``text`` into the text field identified by ``locator``.</doc>
<status status="PASS" start="2025-12-31T16:13:25.826650" elapsed="0.069485"/>
</kw>
<kw name="Input Text" owner="SeleniumLibrary">
<msg time="2025-12-31T16:13:25.896657" level="INFO">Typing text '091-001-1234' into text field 'id=phone'.</msg>
<arg>id=phone</arg>
<arg>091-001-1234</arg>
<doc>Types the given ``text`` into the text field identified by ``locator``.</doc>
<status status="PASS" start="2025-12-31T16:13:25.896410" elapsed="0.076458"/>
</kw>
<kw name="Click Button" owner="SeleniumLibrary">
<msg time="2025-12-31T16:13:25.973415" level="INFO">Clicking button 'id=registerButton'.</msg>
<arg>id=registerButton</arg>
<doc>Clicks the button identified by ``locator``.</doc>
<status status="PASS" start="2025-12-31T16:13:25.973178" elapsed="0.042415"/>
</kw>
<kw name="Title Should Be" owner="SeleniumLibrary">
<msg time="2025-12-31T16:13:26.018466" level="INFO">Page title is 'Registration'.</msg>
<arg>Registration</arg>
<doc>Verifies that the current page title equals ``title``.</doc>
<status status="PASS" start="2025-12-31T16:13:26.015848" elapsed="0.002676"/>
</kw>
<kw name="Page Should Contain" owner="SeleniumLibrary">
<msg time="2025-12-31T16:13:26.044618" level="INFO">Current page contains text 'Please enter your name!!'.</msg>
<arg>Please enter your name!!</arg>
<doc>Verifies that current page contains ``text``.</doc>
<status status="PASS" start="2025-12-31T16:13:26.018710" elapsed="0.026009"/>
</kw>
<kw name="Capture Page Screenshot" owner="SeleniumLibrary">
<msg time="2025-12-31T16:13:26.315498" level="INFO" html="true">&lt;/td&gt;&lt;/tr&gt;&lt;tr&gt;&lt;td colspan="3"&gt;&lt;a href="selenium-screenshot-6.png"&gt;&lt;img src="selenium-screenshot-6.png" width="800px"&gt;&lt;/a&gt;</msg>
<doc>Takes a screenshot of the current page and embeds it into a log file.</doc>
<status status="PASS" start="2025-12-31T16:13:26.045053" elapsed="0.270680"/>
</kw>
<status status="PASS" start="2025-12-31T16:13:25.757184" elapsed="0.558907"/>
</test>
<test id="s1-t7" name="Empty Email" line="61">
<kw name="Go To" owner="SeleniumLibrary">
<msg time="2025-12-31T16:13:26.317930" level="INFO">Opening url 'http://localhost:7272/Lab4/Registration.html'</msg>
<arg>${URL}</arg>
<doc>Navigates the current browser window to the provided ``url``.</doc>
<status status="PASS" start="2025-12-31T16:13:26.317662" elapsed="0.018102"/>
</kw>
<kw name="Input Text" owner="SeleniumLibrary">
<msg time="2025-12-31T16:13:26.336323" level="INFO">Typing text 'Somyod' into text field 'id=firstname'.</msg>
<arg>id=firstname</arg>
<arg>Somyod</arg>
<doc>Types the given ``text`` into the text field identified by ``locator``.</doc>
<status status="PASS" start="2025-12-31T16:13:26.336149" elapsed="0.054883"/>
</kw>
<kw name="Input Text" owner="SeleniumLibrary">
<msg time="2025-12-31T16:13:26.391497" level="INFO">Typing text 'Sodsai' into text field 'id=lastname'.</msg>
<arg>id=lastname</arg>
<arg>Sodsai</arg>
<doc>Types the given ``text`` into the text field identified by ``locator``.</doc>
<status status="PASS" start="2025-12-31T16:13:26.391264" elapsed="0.068918"/>
</kw>
<kw name="Input Text" owner="SeleniumLibrary">
<msg time="2025-12-31T16:13:26.461177" level="INFO">Typing text 'CS KKU' into text field 'id=organization'.</msg>
<arg>id=organization</arg>
<arg>CS KKU</arg>
<doc>Types the given ``text`` into the text field identified by ``locator``.</doc>
<status status="PASS" start="2025-12-31T16:13:26.460970" elapsed="0.101808"/>
</kw>
<kw name="Input Text" owner="SeleniumLibrary">
<msg time="2025-12-31T16:13:26.563709" level="INFO">Typing text '091-001-1234' into text field 'id=phone'.</msg>
<arg>id=phone</arg>
<arg>091-001-1234</arg>
<doc>Types the given ``text`` into the text field identified by ``locator``.</doc>
<status status="PASS" start="2025-12-31T16:13:26.563492" elapsed="0.080506"/>
</kw>
<kw name="Click Button" owner="SeleniumLibrary">
<msg time="2025-12-31T16:13:26.644898" level="INFO">Clicking button 'id=registerButton'.</msg>
<arg>id=registerButton</arg>
<doc>Clicks the button identified by ``locator``.</doc>
<status status="PASS" start="2025-12-31T16:13:26.644694" elapsed="0.075117"/>
</kw>
<kw name="Title Should Be" owner="SeleniumLibrary">
<msg time="2025-12-31T16:13:26.723173" level="INFO">Page title is 'Registration'.</msg>
<arg>Registration</arg>
<doc>Verifies that the current page title equals ``title``.</doc>
<status status="PASS" start="2025-12-31T16:13:26.720477" elapsed="0.002761"/>
</kw>
<kw name="Page Should Contain" owner="SeleniumLibrary">
<msg time="2025-12-31T16:13:26.732084" level="INFO">Current page contains text 'Please enter your email!!'.</msg>
<arg>Please enter your email!!</arg>
<doc>Verifies that current page contains ``text``.</doc>
<status status="PASS" start="2025-12-31T16:13:26.723542" elapsed="0.008617"/>
</kw>
<kw name="Capture Page Screenshot" owner="SeleniumLibrary">
<msg time="2025-12-31T16:13:26.991018" level="INFO" html="true">&lt;/td&gt;&lt;/tr&gt;&lt;tr&gt;&lt;td colspan="3"&gt;&lt;a href="selenium-screenshot-7.png"&gt;&lt;img src="selenium-screenshot-7.png" width="800px"&gt;&lt;/a&gt;</msg>
<doc>Takes a screenshot of the current page and embeds it into a log file.</doc>
<status status="PASS" start="2025-12-31T16:13:26.732410" elapsed="0.258712"/>
</kw>
<status status="PASS" start="2025-12-31T16:13:26.317178" elapsed="0.674269"/>
</test>
<test id="s1-t8" name="Open Workshop Registration Page3" line="72">
<kw name="Go To" owner="SeleniumLibrary">
<msg time="2025-12-31T16:13:26.992110" level="INFO">Opening url 'http://localhost:7272/Lab4/Registration.html'</msg>
<arg>${URL}</arg>
<doc>Navigates the current browser window to the provided ``url``.</doc>
<status status="PASS" start="2025-12-31T16:13:26.991988" elapsed="0.010026"/>
</kw>
<kw name="Title Should Be" owner="SeleniumLibrary">
<msg time="2025-12-31T16:13:27.011771" level="INFO">Page title is 'Registration'.</msg>
<arg>Registration</arg>
<doc>Verifies that the current page title equals ``title``.</doc>
<status status="PASS" start="2025-12-31T16:13:27.002367" elapsed="0.009497"/>
</kw>
<kw name="Page Should Contain" owner="SeleniumLibrary">
<msg time="2025-12-31T16:13:27.022117" level="INFO">Current page contains text 'Workshop Registration'.</msg>
<arg>Workshop Registration</arg>
<doc>Verifies that current page contains ``text``.</doc>
<status status="PASS" start="2025-12-31T16:13:27.012164" elapsed="0.010053"/>
</kw>
<kw name="Capture Page Screenshot" owner="SeleniumLibrary">
<msg time="2025-12-31T16:13:27.280035" level="INFO" html="true">&lt;/td&gt;&lt;/tr&gt;&lt;tr&gt;&lt;td colspan="3"&gt;&lt;a href="selenium-screenshot-8.png"&gt;&lt;img src="selenium-screenshot-8.png" width="800px"&gt;&lt;/a&gt;</msg>
<doc>Takes a screenshot of the current page and embeds it into a log file.</doc>
<status status="PASS" start="2025-12-31T16:13:27.022583" elapsed="0.257542"/>
</kw>
<status status="PASS" start="2025-12-31T16:13:26.991720" elapsed="0.288732"/>
</test>
<test id="s1-t9" name="Empty Phone Number" line="78">
<kw name="Go To" owner="SeleniumLibrary">
<msg time="2025-12-31T16:13:27.281643" level="INFO">Opening url 'http://localhost:7272/Lab4/Registration.html'</msg>
<arg>${URL}</arg>
<doc>Navigates the current browser window to the provided ``url``.</doc>
<status status="PASS" start="2025-12-31T16:13:27.281496" elapsed="0.009019"/>
</kw>
<kw name="Input Text" owner="SeleniumLibrary">
<msg time="2025-12-31T16:13:27.291050" level="INFO">Typing text 'Somyod' into text field 'id=firstname'.</msg>
<arg>id=firstname</arg>
<arg>Somyod</arg>
<doc>Types the given ``text`` into the text field identified by ``locator``.</doc>
<status status="PASS" start="2025-12-31T16:13:27.290793" elapsed="0.066465"/>
</kw>
<kw name="Input Text" owner="SeleniumLibrary">
<msg time="2025-12-31T16:13:27.357770" level="INFO">Typing text 'Sodsai' into text field 'id=lastname'.</msg>
<arg>id=lastname</arg>
<arg>Sodsai</arg>
<doc>Types the given ``text`` into the text field identified by ``locator``.</doc>
<status status="PASS" start="2025-12-31T16:13:27.357520" elapsed="0.065726"/>
</kw>
<kw name="Input Text" owner="SeleniumLibrary">
<msg time="2025-12-31T16:13:27.423912" level="INFO">Typing text 'CS KKU' into text field 'id=organization'.</msg>
<arg>id=organization</arg>
<arg>CS KKU</arg>
<doc>Types the given ``text`` into the text field identified by ``locator``.</doc>
<status status="PASS" start="2025-12-31T16:13:27.423568" elapsed="0.110309"/>
</kw>
<kw name="Input Text" owner="SeleniumLibrary">
<msg time="2025-12-31T16:13:27.534342" level="INFO">Typing text 'somyod@kkumail.com' into text field 'id=email'.</msg>
<arg>id=email</arg>
<arg>somyod@kkumail.com</arg>
<doc>Types the given ``text`` into the text field identified by ``locator``.</doc>
<status status="PASS" start="2025-12-31T16:13:27.534161" elapsed="0.073810"/>
</kw>
<kw name="Click Button" owner="SeleniumLibrary">
<msg time="2025-12-31T16:13:27.608520" level="INFO">Clicking button 'id=registerButton'.</msg>
<arg>id=registerButton</arg>
<doc>Clicks the button identified by ``locator``.</doc>
<status status="PASS" start="2025-12-31T16:13:27.608305" elapsed="0.046603"/>
</kw>
<kw name="Title Should Be" owner="SeleniumLibrary">
<msg time="2025-12-31T16:13:27.658767" level="INFO">Page title is 'Registration'.</msg>
<arg>Registration</arg>
<doc>Verifies that the current page title equals ``title``.</doc>
<status status="PASS" start="2025-12-31T16:13:27.655180" elapsed="0.003663"/>
</kw>
<kw name="Page Should Contain" owner="SeleniumLibrary">
<msg time="2025-12-31T16:13:27.666929" level="INFO">Current page contains text 'Please enter your phone number!!'.</msg>
<arg>Please enter your phone number!!</arg>
<doc>Verifies that current page contains ``text``.</doc>
<status status="PASS" start="2025-12-31T16:13:27.659127" elapsed="0.007869"/>
</kw>
<kw name="Capture Page Screenshot" owner="SeleniumLibrary">
<msg time="2025-12-31T16:13:27.926270" level="INFO" html="true">&lt;/td&gt;&lt;/tr&gt;&lt;tr&gt;&lt;td colspan="3"&gt;&lt;a href="selenium-screenshot-9.png"&gt;&lt;img src="selenium-screenshot-9.png" width="800px"&gt;&lt;/a&gt;</msg>
<doc>Takes a screenshot of the current page and embeds it into a log file.</doc>
<status status="PASS" start="2025-12-31T16:13:27.667239" elapsed="0.259110"/>
</kw>
<status status="PASS" start="2025-12-31T16:13:27.281141" elapsed="0.645462"/>
</test>
<test id="s1-t10" name="Open Workshop Registration Page4" line="89">
<kw name="Go To" owner="SeleniumLibrary">
<msg time="2025-12-31T16:13:27.927189" level="INFO">Opening url 'http://localhost:7272/Lab4/Registration.html'</msg>
<arg>${URL}</arg>
<doc>Navigates the current browser window to the provided ``url``.</doc>
<status status="PASS" start="2025-12-31T16:13:27.927084" elapsed="0.009824"/>
</kw>
<kw name="Title Should Be" owner="SeleniumLibrary">
<msg time="2025-12-31T16:13:27.939826" level="INFO">Page title is 'Registration'.</msg>
<arg>Registration</arg>
<doc>Verifies that the current page title equals ``title``.</doc>
<status status="PASS" start="2025-12-31T16:13:27.937187" elapsed="0.002693"/>
</kw>
<kw name="Page Should Contain" owner="SeleniumLibrary">
<msg time="2025-12-31T16:13:27.944988" level="INFO">Current page contains text 'Workshop Registration'.</msg>
<arg>Workshop Registration</arg>
<doc>Verifies that current page contains ``text``.</doc>
<status status="PASS" start="2025-12-31T16:13:27.940086" elapsed="0.004962"/>
</kw>
<kw name="Capture Page Screenshot" owner="SeleniumLibrary">
<msg time="2025-12-31T16:13:28.203282" level="INFO" html="true">&lt;/td&gt;&lt;/tr&gt;&lt;tr&gt;&lt;td colspan="3"&gt;&lt;a href="selenium-screenshot-10.png"&gt;&lt;img src="selenium-screenshot-10.png" width="800px"&gt;&lt;/a&gt;</msg>
<doc>Takes a screenshot of the current page and embeds it into a log file.</doc>
<status status="PASS" start="2025-12-31T16:13:27.945294" elapsed="0.258089"/>
</kw>
<status status="PASS" start="2025-12-31T16:13:27.926855" elapsed="0.277488"/>
</test>
<test id="s1-t11" name="Invalid Phone Number" line="95">
<kw name="Go To" owner="SeleniumLibrary">
<msg time="2025-12-31T16:13:28.205682" level="INFO">Opening url 'http://localhost:7272/Lab4/Registration.html'</msg>
<arg>${URL}</arg>
<doc>Navigates the current browser window to the provided ``url``.</doc>
<status status="PASS" start="2025-12-31T16:13:28.205523" elapsed="0.011326"/>
</kw>
<kw name="Input Text" owner="SeleniumLibrary">
<msg time="2025-12-31T16:13:28.217248" level="INFO">Typing text 'Somyod' into text field 'id=firstname'.</msg>
<arg>id=firstname</arg>
<arg>Somyod</arg>
<doc>Types the given ``text`` into the text field identified by ``locator``.</doc>
<status status="PASS" start="2025-12-31T16:13:28.217078" elapsed="0.059231"/>
</kw>
<kw name="Input Text" owner="SeleniumLibrary">
<msg time="2025-12-31T16:13:28.276945" level="INFO">Typing text 'Sodsai' into text field 'id=lastname'.</msg>
<arg>id=lastname</arg>
<arg>Sodsai</arg>
<doc>Types the given ``text`` into the text field identified by ``locator``.</doc>
<status status="PASS" start="2025-12-31T16:13:28.276742" elapsed="0.091270"/>
</kw>
<kw name="Input Text" owner="SeleniumLibrary">
<msg time="2025-12-31T16:13:28.368985" level="INFO">Typing text 'CS KKU' into text field 'id=organization'.</msg>
<arg>id=organization</arg>
<arg>CS KKU</arg>
<doc>Types the given ``text`` into the text field identified by ``locator``.</doc>
<status status="PASS" start="2025-12-31T16:13:28.368605" elapsed="0.064148"/>
</kw>
<kw name="Input Text" owner="SeleniumLibrary">
<msg time="2025-12-31T16:13:28.433195" level="INFO">Typing text 'somyod@kkumail.com' into text field 'id=email'.</msg>
<arg>id=email</arg>
<arg>somyod@kkumail.com</arg>
<doc>Types the given ``text`` into the text field identified by ``locator``.</doc>
<status status="PASS" start="2025-12-31T16:13:28.432980" elapsed="0.074620"/>
</kw>
<kw name="Input Text" owner="SeleniumLibrary">
<msg time="2025-12-31T16:13:28.508169" level="INFO">Typing text '1234' into text field 'id=phone'.</msg>
<arg>id=phone</arg>
<arg>1234</arg>
<doc>Types the given ``text`` into the text field identified by ``locator``.</doc>
<status status="PASS" start="2025-12-31T16:13:28.507906" elapsed="0.073157"/>
</kw>
<kw name="Click Button" owner="SeleniumLibrary">
<msg time="2025-12-31T16:13:28.581549" level="INFO">Clicking button 'id=registerButton'.</msg>
<arg>id=registerButton</arg>
<doc>Clicks the button identified by ``locator``.</doc>
<status status="PASS" start="2025-12-31T16:13:28.581372" elapsed="0.037751"/>
</kw>
<kw name="Title Should Be" owner="SeleniumLibrary">
<msg time="2025-12-31T16:13:28.624793" level="INFO">Page title is 'Registration'.</msg>
<arg>Registration</arg>
<doc>Verifies that the current page title equals ``title``.</doc>
<status status="PASS" start="2025-12-31T16:13:28.621502" elapsed="0.003382"/>
</kw>
<kw name="Page Should Contain" owner="SeleniumLibrary">
<msg time="2025-12-31T16:13:28.910432" level="INFO" html="true">&lt;/td&gt;&lt;/tr&gt;&lt;tr&gt;&lt;td colspan="3"&gt;&lt;a href="selenium-screenshot-11.png"&gt;&lt;img src="selenium-screenshot-11.png" width="800px"&gt;&lt;/a&gt;</msg>
<msg time="2025-12-31T16:13:28.910606" level="FAIL">Page should have contained text 'Please enter a valid phone number, e.g., 081-234-5678, 081 234 5678, or 081.234.5678' but did not.</msg>
<arg>Please enter a valid phone number, e.g., 081-234-5678, 081 234 5678, or 081.234.5678</arg>
<doc>Verifies that current page contains ``text``.</doc>
<status status="FAIL" start="2025-12-31T16:13:28.625124" elapsed="0.287665">Page should have contained text 'Please enter a valid phone number, e.g., 081-234-5678, 081 234 5678, or 081.234.5678' but did not.</status>
</kw>
<kw name="Capture Page Screenshot" owner="SeleniumLibrary">
<doc>Takes a screenshot of the current page and embeds it into a log file.</doc>
<status status="NOT RUN" start="2025-12-31T16:13:28.913271" elapsed="0.000037"/>
</kw>
<status status="FAIL" start="2025-12-31T16:13:28.205143" elapsed="0.708359">Page should have contained text 'Please enter a valid phone number, e.g., 081-234-5678, 081 234 5678, or 081.234.5678' but did not.</status>
</test>
<kw name="Close Browser" owner="SeleniumLibrary" type="TEARDOWN">
<doc>Closes the current browser.</doc>
<status status="PASS" start="2025-12-31T16:13:28.913994" elapsed="2.141344"/>
</kw>
<status status="FAIL" start="2025-12-31T16:13:22.069746" elapsed="8.985667"/>
</suite>
<statistics>
<total>
<stat pass="10" fail="1" skip="0">All Tests</stat>
</total>
<tag>
</tag>
<suite>
<stat name="002" id="s1" pass="10" fail="1" skip="0">002</stat>
</suite>
</statistics>
<errors>
</errors>
</robot>
